This is pdfTeX, Version 3.1415926-2.3-1.40.12 (TeX Live 2011) (format=pdflatex 2011.7.3)  15 OCT 2012 11:18
entering extended mode
 \write18 enabled.
 file:line:error style messages enabled.
 %&-line parsing enabled.
**tarea1.tex
(./tarea1.tex
LaTeX2e <2009/09/24>
Babel <v3.8l> and hyphenation patterns for english, dumylang, nohyphenation, ge
rman-x-2009-06-19, ngerman-x-2009-06-19, afrikaans, ancientgreek, ibycus, arabi
c, armenian, basque, bulgarian, catalan, pinyin, coptic, croatian, czech, danis
h, dutch, ukenglish, usenglishmax, esperanto, estonian, ethiopic, farsi, finnis
h, french, galician, german, ngerman, swissgerman, monogreek, greek, hungarian,
 icelandic, assamese, bengali, gujarati, hindi, kannada, malayalam, marathi, or
iya, panjabi, tamil, telugu, indonesian, interlingua, irish, italian, kurmanji,
 lao, latin, latvian, lithuanian, mongolian, mongolianlmc, bokmal, nynorsk, pol
ish, portuguese, romanian, russian, sanskrit, serbian, serbianc, slovak, sloven
ian, spanish, swedish, turkish, turkmen, ukrainian, uppersorbian, welsh, loaded
.
(/usr/local/texlive/2011/texmf-dist/tex/latex/base/article.cls
Document Class: article 2007/10/19 v1.4h Standard LaTeX document class
(/usr/local/texlive/2011/texmf-dist/tex/latex/base/size12.clo
File: size12.clo 2007/10/19 v1.4h Standard LaTeX file (size option)
)
\c@part=\count79
\c@section=\count80
\c@subsection=\count81
\c@subsubsection=\count82
\c@paragraph=\count83
\c@subparagraph=\count84
\c@figure=\count85
\c@table=\count86
\abovecaptionskip=\skip41
\belowcaptionskip=\skip42
\bibindent=\dimen102
)
(/usr/local/texlive/2011/texmf-dist/tex/latex/base/fontenc.sty
Package: fontenc 2005/09/27 v1.99g Standard LaTeX package

(/usr/local/texlive/2011/texmf-dist/tex/latex/base/t1enc.def
File: t1enc.def 2005/09/27 v1.99g Standard LaTeX file
LaTeX Font Info:    Redeclaring font encoding T1 on input line 43.
))
(/usr/local/texlive/2011/texmf-dist/tex/generic/xypic/xy.sty
(/usr/local/texlive/2011/texmf-dist/tex/generic/xypic/xy.tex Bootstrap'ing:
catcodes, docmode,
(/usr/local/texlive/2011/texmf-dist/tex/generic/xypic/xyrecat.tex)
(/usr/local/texlive/2011/texmf-dist/tex/generic/xypic/xyidioms.tex)

 Xy-pic version 3.8.5 <2011/02/11>
 Copyright (c) 1991-2010 by Kristoffer H. Rose <krisrose@tug.org>
 Xy-pic is free software: see the User's Guide for details.

Loading kernel: messages; fonts; allocations: state,
\X@c=\dimen103
\Y@c=\dimen104
\U@c=\dimen105
\D@c=\dimen106
\L@c=\dimen107
\R@c=\dimen108
\Edge@c=\toks14
\X@p=\dimen109
\Y@p=\dimen110
\U@p=\dimen111
\D@p=\dimen112
\L@p=\dimen113
\R@p=\dimen114
\Edge@p=\toks15
\X@origin=\dimen115
\Y@origin=\dimen116
\X@xbase=\dimen117
\Y@xbase=\dimen118
\X@ybase=\dimen119
\Y@ybase=\dimen120
\X@min=\dimen121
\Y@min=\dimen122
\X@max=\dimen123
\Y@max=\dimen124
\lastobjectbox@=\box26
\zerodotbox@=\box27
\almostz@=\dimen125
 direction,
\d@X=\dimen126
\d@Y=\dimen127
\K@=\count87
\KK@=\count88
\Direction=\count89
\K@dXdY=\dimen128
\K@dYdX=\dimen129
\xyread@=\read1
\xywrite@=\write3
\csp@=\count90
\quotPTK@=\dimen130

utility macros; pictures: \xy, positions,
\swaptoks@@=\toks16
\connectobjectbox@@=\box28
 objects,
\styletoks@=\toks17
 decorations;
kernel objects: directionals, circles, text; options; algorithms: directions,
edges, connections;  Xy-pic loaded)
(/usr/local/texlive/2011/texmf-dist/tex/generic/oberdiek/ifpdf.sty
Package: ifpdf 2011/01/30 v2.3 Provides the ifpdf switch (HO)
Package ifpdf Info: pdfTeX in PDF mode is detected.
)
Package: xy 2011/02/11 Xy-pic version 3.8.5

(/usr/local/texlive/2011/texmf-dist/tex/generic/xypic/xyall.tex
 Xy-pic option: All features v.3.7
(/usr/local/texlive/2011/texmf-dist/tex/generic/xypic/xycurve.tex
 Xy-pic option: Curve and Spline extension v.3.11 curve,
\crv@cnt@=\count91
\crvpts@=\toks18
\splinebox@=\box29
\splineval@=\dimen131
\splinedepth@=\dimen132
\splinetol@=\dimen133
\splinelength@=\dimen134
 circles,
\L@=\dimen135
 loaded)
(/usr/local/texlive/2011/texmf-dist/tex/generic/xypic/xyframe.tex
 Xy-pic option: Frame and Bracket extension v.3.12 loaded)
(/usr/local/texlive/2011/texmf-dist/tex/generic/xypic/xycmtip.tex
 Xy-pic option: Computer Modern tip extension v.3.6
(/usr/local/texlive/2011/texmf-dist/tex/generic/xypic/xytips.tex
 Xy-pic option: More Tips extension v.3.8 loaded) loaded)
(/usr/local/texlive/2011/texmf-dist/tex/generic/xypic/xyline.tex
 Xy-pic option: Line styles extension v.3.9
\xylinethick@=\dimen136
 loaded)
(/usr/local/texlive/2011/texmf-dist/tex/generic/xypic/xyrotate.tex
 Xy-pic option: Rotate and Scale extension v.3.7 loaded)
(/usr/local/texlive/2011/texmf-dist/tex/generic/xypic/xycolor.tex
 Xy-pic option: Colour extension v.3.10 loaded)
(/usr/local/texlive/2011/texmf-dist/tex/generic/xypic/xymatrix.tex
 Xy-pic option: Matrix feature v.3.9
\Row=\count92
\Col=\count93
\queue@=\toks19
\queue@@=\toks20
\qcount@=\count94
\qcount@@=\count95
\matrixsize@=\count96
 loaded)
(/usr/local/texlive/2011/texmf-dist/tex/generic/xypic/xyarrow.tex
 Xy-pic option: Arrow and Path feature v.3.8 path, \ar, loaded)
(/usr/local/texlive/2011/texmf-dist/tex/generic/xypic/xygraph.tex
 Xy-pic option: Graph feature v.3.10 loaded) loaded)
(/usr/local/texlive/2011/texmf-dist/tex/generic/xypic/xypdf.tex
 Xy-pic option: PDF driver v.1.6 Xy-pic pdf driver: `color' extension support
(/usr/local/texlive/2011/texmf-dist/tex/generic/xypic/xypdf-co.tex loaded)
Xy-pic pdf driver: `curve' extension support
(/usr/local/texlive/2011/texmf-dist/tex/generic/xypic/xypdf-cu.tex loaded)
Xy-pic pdf driver: `frame' extension support
(/usr/local/texlive/2011/texmf-dist/tex/generic/xypic/xypdf-fr.tex loaded)
Xy-pic pdf driver: `line' extension support
(/usr/local/texlive/2011/texmf-dist/tex/generic/xypic/xypdf-li.tex loaded)
Xy-pic pdf driver: `rotate' extension support
(/usr/local/texlive/2011/texmf-dist/tex/generic/xypic/xypdf-ro.tex loaded)
loaded)) (/usr/local/texlive/2011/texmf-dist/tex/generic/babel/babel.sty
Package: babel 2008/07/06 v3.8l The Babel package

(/usr/local/texlive/2011/texmf-dist/tex/generic/babel/spanish.ldf
Language: spanish.ldf 2009/01/02 v5.0h Spanish support from the babel system

(/usr/local/texlive/2011/texmf-dist/tex/generic/babel/babel.def
File: babel.def 2008/07/06 v3.8l Babel common definitions
\babel@savecnt=\count97
\U@D=\dimen137
)
\es@datefmt=\count98
\es@quottoks=\toks21
\es@quotdepth=\count99
Package babel Info: Making " an active character on input line 492.
Package babel Info: Making . an active character on input line 585.
Package babel Info: Making < an active character on input line 630.
Package babel Info: Making > an active character on input line 630.
))
(/usr/local/texlive/2011/texmf-dist/tex/latex/base/inputenc.sty
Package: inputenc 2008/03/30 v1.1d Input encoding file
\inpenc@prehook=\toks22
\inpenc@posthook=\toks23

(/usr/local/texlive/2011/texmf-dist/tex/latex/base/latin1.def
File: latin1.def 2008/03/30 v1.1d Input encoding file
))
(/usr/local/texlive/2011/texmf-dist/tex/latex/amsmath/amsmath.sty
Package: amsmath 2000/07/18 v2.13 AMS math features
\@mathmargin=\skip43

For additional information on amsmath, use the `?' option.
(/usr/local/texlive/2011/texmf-dist/tex/latex/amsmath/amstext.sty
Package: amstext 2000/06/29 v2.01

(/usr/local/texlive/2011/texmf-dist/tex/latex/amsmath/amsgen.sty
File: amsgen.sty 1999/11/30 v2.0
\@emptytoks=\toks24
\ex@=\dimen138
))
(/usr/local/texlive/2011/texmf-dist/tex/latex/amsmath/amsbsy.sty
Package: amsbsy 1999/11/29 v1.2d
\pmbraise@=\dimen139
)
(/usr/local/texlive/2011/texmf-dist/tex/latex/amsmath/amsopn.sty
Package: amsopn 1999/12/14 v2.01 operator names
)
\inf@bad=\count100
LaTeX Info: Redefining \frac on input line 211.
\uproot@=\count101
\leftroot@=\count102
LaTeX Info: Redefining \overline on input line 307.
\classnum@=\count103
\DOTSCASE@=\count104
LaTeX Info: Redefining \ldots on input line 379.
LaTeX Info: Redefining \dots on input line 382.
LaTeX Info: Redefining \cdots on input line 467.
\Mathstrutbox@=\box30
\strutbox@=\box31
\big@size=\dimen140
LaTeX Font Info:    Redeclaring font encoding OML on input line 567.
LaTeX Font Info:    Redeclaring font encoding OMS on input line 568.
\macc@depth=\count105
\c@MaxMatrixCols=\count106
\dotsspace@=\muskip10
\c@parentequation=\count107
\dspbrk@lvl=\count108
\tag@help=\toks25
\row@=\count109
\column@=\count110
\maxfields@=\count111
\andhelp@=\toks26
\eqnshift@=\dimen141
\alignsep@=\dimen142
\tagshift@=\dimen143
\tagwidth@=\dimen144
\totwidth@=\dimen145
\lineht@=\dimen146
\@envbody=\toks27
\multlinegap=\skip44
\multlinetaggap=\skip45
\mathdisplay@stack=\toks28
LaTeX Info: Redefining \[ on input line 2666.
LaTeX Info: Redefining \] on input line 2667.
)
(./tarea1.aux)
\openout1 = `tarea1.aux'.

LaTeX Font Info:    Checking defaults for OML/cmm/m/it on input line 11.
LaTeX Font Info:    ... okay on input line 11.
LaTeX Font Info:    Checking defaults for T1/cmr/m/n on input line 11.
LaTeX Font Info:    ... okay on input line 11.
LaTeX Font Info:    Checking defaults for OT1/cmr/m/n on input line 11.
LaTeX Font Info:    ... okay on input line 11.
LaTeX Font Info:    Checking defaults for OMS/cmsy/m/n on input line 11.
LaTeX Font Info:    ... okay on input line 11.
LaTeX Font Info:    Checking defaults for OMX/cmex/m/n on input line 11.
LaTeX Font Info:    ... okay on input line 11.
LaTeX Font Info:    Checking defaults for U/cmr/m/n on input line 11.
LaTeX Font Info:    ... okay on input line 11.
Package xypdf Info: Line width: 0.47998pt on input line 11.
 [1

{/usr/local/texlive/2011/texmf-var/fonts/map/pdftex/updmap/pdftex.map}] [2]
LaTeX Font Info:    Try loading font information for T1+cmtt on input line 58.
 (/usr/local/texlive/2011/texmf-dist/tex/latex/base/t1cmtt.fd
File: t1cmtt.fd 1999/05/25 v2.5h Standard LaTeX font definitions
)
[3]
Overfull \hbox (5.64842pt too wide) in paragraph at lines 89--90
\T1/cmr/m/n/12 to-ria-men-te. Tal co-mo se pi-de en el enun-cia-do, se uti-li-z
ó $\OML/cmm/m/it/12 n \OMS/cmsy/m/n/12 2 f\OT1/cmr/m/n/12 2[]\OML/cmm/m/it/12 ;
 \OT1/cmr/m/n/12 2[]\OML/cmm/m/it/12 ; \OT1/cmr/m/n/12 2[]\OML/cmm/m/it/12 ; ::
:; \OT1/cmr/m/n/12 2[]\OMS/cmsy/m/n/12 g$
 []

[4] [5] (./tarea1.aux) ) 
Here is how much of TeX's memory you used:
 4395 strings out of 493633
 52914 string characters out of 3143378
 155019 words of memory out of 3000000
 7646 multiletter control sequences out of 15000+200000
 16236 words of font info for 49 fonts, out of 3000000 for 9000
 831 hyphenation exceptions out of 8191
 27i,6n,27p,3244b,244s stack positions out of 5000i,500n,10000p,200000b,50000s
{/usr/local/texlive/2011/texmf-dist/fonts/enc/dvips/cm-
super/cm-super-t1.enc}</usr/local/texlive/2011/texmf-dist/fonts/type1/public/am
sfonts/cm/cmmi12.pfb></usr/local/texlive/2011/texmf-dist/fonts/type1/public/ams
fonts/cm/cmmi8.pfb></usr/local/texlive/2011/texmf-dist/fonts/type1/public/amsfo
nts/cm/cmr12.pfb></usr/local/texlive/2011/texmf-dist/fonts/type1/public/amsfont
s/cm/cmr8.pfb></usr/local/texlive/2011/texmf-dist/fonts/type1/public/amsfonts/c
m/cmsy10.pfb></usr/local/texlive/2011/texmf-dist/fonts/type1/public/cm-super/sf
bx1200.pfb></usr/local/texlive/2011/texmf-dist/fonts/type1/public/cm-super/sfbx
1440.pfb></usr/local/texlive/2011/texmf-dist/fonts/type1/public/cm-super/sfbx17
28.pfb></usr/local/texlive/2011/texmf-dist/fonts/type1/public/cm-super/sfrm1200
.pfb></usr/local/texlive/2011/texmf-dist/fonts/type1/public/cm-super/sfrm1440.p
fb></usr/local/texlive/2011/texmf-dist/fonts/type1/public/cm-super/sfrm2074.pfb
></usr/local/texlive/2011/texmf-dist/fonts/type1/public/cm-super/sfti1200.pfb><
/usr/local/texlive/2011/texmf-dist/fonts/type1/public/cm-super/sftt1200.pfb>
Output written on tarea1.pdf (5 pages, 209962 bytes).
PDF statistics:
 73 PDF objects out of 1000 (max. 8388607)
 52 compressed objects within 1 object stream
 0 named destinations out of 1000 (max. 500000)
 1 words of extra memory for PDF output out of 10000 (max. 10000000)

